<?xml version="1.0" encoding="UTF-8"?>
<testsuite name="ru.stqa.pft.sanbox.PrimeTests" tests="2" skipped="0" failures="0" errors="0" timestamp="2020-01-25T11:18:40" hostname="DESKTOP-TKCAAQ5" time="0.012">
  <properties/>
  <testcase name="testNonPreme" classname="ru.stqa.pft.sanbox.PrimeTests" time="0.009"/>
  <testcase name="testPreme" classname="ru.stqa.pft.sanbox.PrimeTests" time="0.001"/>
  <system-out><![CDATA[]]></system-out>
  <system-err><![CDATA[]]></system-err>
</testsuite>
