<?xml version="1.0" encoding="UTF-8"?>
<testsuite name="ru.stqa.pft.sanbox.EquationTests" tests="3" skipped="0" failures="0" errors="0" timestamp="2020-01-04T11:27:51" hostname="DESKTOP-TKCAAQ5" time="0.036">
  <properties/>
  <testcase name="test0" classname="ru.stqa.pft.sanbox.EquationTests" time="0.025"/>
  <testcase name="test1" classname="ru.stqa.pft.sanbox.EquationTests" time="0.0"/>
  <testcase name="test2" classname="ru.stqa.pft.sanbox.EquationTests" time="0.001"/>
  <system-out><![CDATA[]]></system-out>
  <system-err><![CDATA[]]></system-err>
</testsuite>
