<?xml version="1.0" encoding="UTF-8"?>
<testsuite name="ru.stqa.pft.sanbox.PointTest" tests="1" skipped="0" failures="0" errors="0" timestamp="2019-12-24T12:29:27" hostname="DESKTOP-TKCAAQ5" time="0.006">
  <properties/>
  <testcase name="TestPoint" classname="ru.stqa.pft.sanbox.PointTest" time="0.006"/>
  <system-out><![CDATA[]]></system-out>
  <system-err><![CDATA[]]></system-err>
</testsuite>
