<?xml version="1.0" encoding="UTF-8"?>
<testsuite name="ru.stqa.pft.mantis.tests.SoapTests" tests="3" skipped="0" failures="0" errors="0" timestamp="2020-03-02T18:20:43" hostname="DESKTOP-TKCAAQ5" time="1.238">
  <properties/>
  <testcase name="testCreateIssue" classname="ru.stqa.pft.mantis.tests.SoapTests" time="0.914"/>
  <testcase name="testGetProjects" classname="ru.stqa.pft.mantis.tests.SoapTests" time="0.106"/>
  <testcase name="testIssueStatus" classname="ru.stqa.pft.mantis.tests.SoapTests" time="0.214"/>
  <system-out><![CDATA[1
test
]]></system-out>
  <system-err><![CDATA[]]></system-err>
</testsuite>
