<?xml version="1.0" encoding="UTF-8"?>
<testsuite name="ru.stqa.pft.mantis.tests.ChangePasswordTests" tests="1" skipped="0" failures="0" errors="0" timestamp="2020-02-28T11:17:23" hostname="DESKTOP-TKCAAQ5" time="14.272">
  <properties/>
  <testcase name="testChangePassword" classname="ru.stqa.pft.mantis.tests.ChangePasswordTests" time="14.272"/>
  <system-out><![CDATA[14:17:23.134 [Test worker] DEBUG org.hibernate.stat.internal.StatisticsInitiator - Statistics initialized [enabled=false]
14:17:23.135 [Test worker] DEBUG org.hibernate.engine.transaction.internal.TransactionImpl - begin
14:17:23.144 [Test worker] DEBUG org.hibernate.hql.internal.QueryTranslatorFactoryInitiator - QueryTranslatorFactory : org.hibernate.hql.internal.ast.ASTQueryTranslatorFactory@50188147
14:17:23.144 [Test worker] INFO org.hibernate.hql.internal.QueryTranslatorFactoryInitiator - HHH000397: Using ASTQueryTranslatorFactory
14:17:23.172 [Test worker] DEBUG org.hibernate.hql.internal.ast.QueryTranslatorImpl - parse() - HQL: from ru.stqa.pft.mantis.model.UserData where username != 'administrator'
14:17:23.179 [Test worker] DEBUG org.hibernate.hql.internal.ast.QueryTranslatorImpl - --- HQL AST ---
 \-[QUERY] Node: 'query'
    +-[SELECT_FROM] Node: 'SELECT_FROM'
    |  \-[FROM] Node: 'from'
    |     \-[RANGE] Node: 'RANGE'
    |        \-[DOT] Node: '.'
    |           +-[DOT] Node: '.'
    |           |  +-[DOT] Node: '.'
    |           |  |  +-[DOT] Node: '.'
    |           |  |  |  +-[DOT] Node: '.'
    |           |  |  |  |  +-[IDENT] Node: 'ru'
    |           |  |  |  |  \-[IDENT] Node: 'stqa'
    |           |  |  |  \-[IDENT] Node: 'pft'
    |           |  |  \-[IDENT] Node: 'mantis'
    |           |  \-[IDENT] Node: 'model'
    |           \-[IDENT] Node: 'UserData'
    \-[WHERE] Node: 'where'
       \-[NE] Node: '!='
          +-[IDENT] Node: 'username'
          \-[QUOTED_STRING] Node: ''administrator''

14:17:23.179 [Test worker] DEBUG org.hibernate.hql.internal.ast.ErrorCounter - throwQueryException() : no errors
14:17:23.196 [Test worker] DEBUG org.hibernate.hql.internal.antlr.HqlSqlBaseWalker - select << begin [level=1, statement=select]
14:17:23.211 [Test worker] DEBUG org.hibernate.hql.internal.ast.tree.FromElement - FromClause{level=1} : ru.stqa.pft.mantis.model.UserData (<no alias>) -> userdata0_
14:17:23.213 [Test worker] DEBUG org.hibernate.hql.internal.ast.tree.FromReferenceNode - Resolved : {synthetic-alias} -> {synthetic-alias}
14:17:23.214 [Test worker] DEBUG org.hibernate.hql.internal.ast.tree.DotNode - getDataType() : username -> org.hibernate.type.StringType@6d407f69
14:17:23.215 [Test worker] DEBUG org.hibernate.hql.internal.ast.tree.FromReferenceNode - Resolved : {synthetic-alias}.username -> userdata0_.username
14:17:23.216 [Test worker] DEBUG org.hibernate.hql.internal.antlr.HqlSqlBaseWalker - select : finishing up [level=1, statement=select]
14:17:23.216 [Test worker] DEBUG org.hibernate.hql.internal.ast.HqlSqlWalker - processQuery() :  ( SELECT ( FromClause{level=1} mantis_user_mantis userdata0_ ) ( where ( != ( userdata0_.username {synthetic-alias} username ) 'administrator' ) ) )
14:17:23.218 [Test worker] DEBUG org.hibernate.hql.internal.ast.HqlSqlWalker - Derived SELECT clause created.
14:17:23.225 [Test worker] DEBUG org.hibernate.hql.internal.ast.util.JoinProcessor - Using FROM fragment [mantis_user_mantis userdata0_]
14:17:23.225 [Test worker] DEBUG org.hibernate.hql.internal.antlr.HqlSqlBaseWalker - select >> end [level=1, statement=select]
14:17:23.226 [Test worker] DEBUG org.hibernate.hql.internal.ast.QueryTranslatorImpl - --- SQL AST ---
 \-[SELECT] QueryNode: 'SELECT'  querySpaces (mantis_user_mantis)
    +-[SELECT_CLAUSE] SelectClause: '{derived select clause}'
    |  +-[SELECT_EXPR] SelectExpressionImpl: 'userdata0_.id as id1_0_' {FromElement{explicit,not a collection join,not a fetch join,fetch non-lazy properties,classAlias=null,role=null,tableName=mantis_user_mantis,tableAlias=userdata0_,origin=null,columns={,className=ru.stqa.pft.mantis.model.UserData}}}
    |  \-[SQL_TOKEN] SqlFragment: 'userdata0_.email as email2_0_, userdata0_.password as password3_0_, userdata0_.username as username4_0_'
    +-[FROM] FromClause: 'from' FromClause{level=1, fromElementCounter=1, fromElements=1, fromElementByClassAlias=[], fromElementByTableAlias=[userdata0_], fromElementsByPath=[], collectionJoinFromElementsByPath=[], impliedElements=[]}
    |  \-[FROM_FRAGMENT] FromElement: 'mantis_user_mantis userdata0_' FromElement{explicit,not a collection join,not a fetch join,fetch non-lazy properties,classAlias=null,role=null,tableName=mantis_user_mantis,tableAlias=userdata0_,origin=null,columns={,className=ru.stqa.pft.mantis.model.UserData}}
    \-[WHERE] SqlNode: 'where'
       \-[NE] BinaryLogicOperatorNode: '!='
          +-[DOT] DotNode: 'userdata0_.username' {propertyName=username,dereferenceType=PRIMITIVE,getPropertyPath=username,path={synthetic-alias}.username,tableAlias=userdata0_,className=ru.stqa.pft.mantis.model.UserData,classAlias=null}
          |  +-[IDENT] IdentNode: '{synthetic-alias}' {originalText={synthetic-alias}}
          |  \-[IDENT] IdentNode: 'username' {originalText=username}
          \-[QUOTED_STRING] LiteralNode: ''administrator''

14:17:23.226 [Test worker] DEBUG org.hibernate.hql.internal.ast.ErrorCounter - throwQueryException() : no errors
14:17:23.232 [Test worker] DEBUG org.hibernate.hql.internal.ast.QueryTranslatorImpl - HQL: from ru.stqa.pft.mantis.model.UserData where username != 'administrator'
14:17:23.232 [Test worker] DEBUG org.hibernate.hql.internal.ast.QueryTranslatorImpl - SQL: select userdata0_.id as id1_0_, userdata0_.email as email2_0_, userdata0_.password as password3_0_, userdata0_.username as username4_0_ from mantis_user_mantis userdata0_ where userdata0_.username<>'administrator'
14:17:23.232 [Test worker] DEBUG org.hibernate.hql.internal.ast.ErrorCounter - throwQueryException() : no errors
14:17:23.243 [Test worker] DEBUG org.hibernate.SQL - select userdata0_.id as id1_0_, userdata0_.email as email2_0_, userdata0_.password as password3_0_, userdata0_.username as username4_0_ from mantis_user_mantis userdata0_ where userdata0_.username<>'administrator'
Hibernate: select userdata0_.id as id1_0_, userdata0_.email as email2_0_, userdata0_.password as password3_0_, userdata0_.username as username4_0_ from mantis_user_mantis userdata0_ where userdata0_.username<>'administrator'
14:17:23.258 [Test worker] DEBUG org.hibernate.loader.Loader - Result set row: 0
14:17:23.260 [Test worker] DEBUG org.hibernate.loader.Loader - Result row: EntityKey[ru.stqa.pft.mantis.model.UserData#2]
14:17:23.267 [Test worker] DEBUG org.hibernate.loader.Loader - Result set row: 1
14:17:23.267 [Test worker] DEBUG org.hibernate.loader.Loader - Result row: EntityKey[ru.stqa.pft.mantis.model.UserData#3]
14:17:23.267 [Test worker] DEBUG org.hibernate.loader.Loader - Result set row: 2
14:17:23.267 [Test worker] DEBUG org.hibernate.loader.Loader - Result row: EntityKey[ru.stqa.pft.mantis.model.UserData#4]
14:17:23.267 [Test worker] DEBUG org.hibernate.loader.Loader - Result set row: 3
14:17:23.267 [Test worker] DEBUG org.hibernate.loader.Loader - Result row: EntityKey[ru.stqa.pft.mantis.model.UserData#5]
14:17:23.267 [Test worker] DEBUG org.hibernate.loader.Loader - Result set row: 4
14:17:23.267 [Test worker] DEBUG org.hibernate.loader.Loader - Result row: EntityKey[ru.stqa.pft.mantis.model.UserData#6]
14:17:23.267 [Test worker] DEBUG org.hibernate.loader.Loader - Result set row: 5
14:17:23.267 [Test worker] DEBUG org.hibernate.loader.Loader - Result row: EntityKey[ru.stqa.pft.mantis.model.UserData#7]
14:17:23.268 [Test worker] DEBUG org.hibernate.loader.Loader - Result set row: 6
14:17:23.268 [Test worker] DEBUG org.hibernate.loader.Loader - Result row: EntityKey[ru.stqa.pft.mantis.model.UserData#8]
14:17:23.268 [Test worker] DEBUG org.hibernate.loader.Loader - Result set row: 7
14:17:23.268 [Test worker] DEBUG org.hibernate.loader.Loader - Result row: EntityKey[ru.stqa.pft.mantis.model.UserData#9]
14:17:23.268 [Test worker] DEBUG org.hibernate.loader.Loader - Result set row: 8
14:17:23.268 [Test worker] DEBUG org.hibernate.loader.Loader - Result row: EntityKey[ru.stqa.pft.mantis.model.UserData#10]
14:17:23.268 [Test worker] DEBUG org.hibernate.loader.Loader - Result set row: 9
14:17:23.268 [Test worker] DEBUG org.hibernate.loader.Loader - Result row: EntityKey[ru.stqa.pft.mantis.model.UserData#11]
14:17:23.268 [Test worker] DEBUG org.hibernate.loader.Loader - Result set row: 10
14:17:23.268 [Test worker] DEBUG org.hibernate.loader.Loader - Result row: EntityKey[ru.stqa.pft.mantis.model.UserData#12]
14:17:23.269 [Test worker] DEBUG org.hibernate.loader.Loader - Result set row: 11
14:17:23.269 [Test worker] DEBUG org.hibernate.loader.Loader - Result row: EntityKey[ru.stqa.pft.mantis.model.UserData#13]
14:17:23.269 [Test worker] DEBUG org.hibernate.loader.Loader - Result set row: 12
14:17:23.269 [Test worker] DEBUG org.hibernate.loader.Loader - Result row: EntityKey[ru.stqa.pft.mantis.model.UserData#14]
14:17:23.269 [Test worker] DEBUG org.hibernate.loader.Loader - Result set row: 13
14:17:23.269 [Test worker] DEBUG org.hibernate.loader.Loader - Result row: EntityKey[ru.stqa.pft.mantis.model.UserData#15]
14:17:23.269 [Test worker] DEBUG org.hibernate.loader.Loader - Result set row: 14
14:17:23.269 [Test worker] DEBUG org.hibernate.loader.Loader - Result row: EntityKey[ru.stqa.pft.mantis.model.UserData#16]
14:17:23.269 [Test worker] DEBUG org.hibernate.loader.Loader - Result set row: 15
14:17:23.269 [Test worker] DEBUG org.hibernate.loader.Loader - Result row: EntityKey[ru.stqa.pft.mantis.model.UserData#17]
14:17:23.270 [Test worker] DEBUG org.hibernate.loader.Loader - Result set row: 16
14:17:23.270 [Test worker] DEBUG org.hibernate.loader.Loader - Result row: EntityKey[ru.stqa.pft.mantis.model.UserData#18]
14:17:23.270 [Test worker] DEBUG org.hibernate.loader.Loader - Result set row: 17
14:17:23.270 [Test worker] DEBUG org.hibernate.loader.Loader - Result row: EntityKey[ru.stqa.pft.mantis.model.UserData#19]
14:17:23.270 [Test worker] DEBUG org.hibernate.loader.Loader - Result set row: 18
14:17:23.270 [Test worker] DEBUG org.hibernate.loader.Loader - Result row: EntityKey[ru.stqa.pft.mantis.model.UserData#20]
14:17:23.270 [Test worker] DEBUG org.hibernate.loader.Loader - Result set row: 19
14:17:23.271 [Test worker] DEBUG org.hibernate.loader.Loader - Result row: EntityKey[ru.stqa.pft.mantis.model.UserData#21]
14:17:23.271 [Test worker] DEBUG org.hibernate.loader.Loader - Result set row: 20
14:17:23.271 [Test worker] DEBUG org.hibernate.loader.Loader - Result row: EntityKey[ru.stqa.pft.mantis.model.UserData#22]
14:17:23.271 [Test worker] DEBUG org.hibernate.loader.Loader - Result set row: 21
14:17:23.271 [Test worker] DEBUG org.hibernate.loader.Loader - Result row: EntityKey[ru.stqa.pft.mantis.model.UserData#23]
14:17:23.271 [Test worker] DEBUG org.hibernate.loader.Loader - Result set row: 22
14:17:23.271 [Test worker] DEBUG org.hibernate.loader.Loader - Result row: EntityKey[ru.stqa.pft.mantis.model.UserData#24]
14:17:23.271 [Test worker] DEBUG org.hibernate.loader.Loader - Result set row: 23
14:17:23.271 [Test worker] DEBUG org.hibernate.loader.Loader - Result row: EntityKey[ru.stqa.pft.mantis.model.UserData#25]
14:17:23.272 [Test worker] DEBUG org.hibernate.loader.Loader - Result set row: 24
14:17:23.272 [Test worker] DEBUG org.hibernate.loader.Loader - Result row: EntityKey[ru.stqa.pft.mantis.model.UserData#26]
14:17:23.272 [Test worker] DEBUG org.hibernate.loader.Loader - Result set row: 25
14:17:23.272 [Test worker] DEBUG org.hibernate.loader.Loader - Result row: EntityKey[ru.stqa.pft.mantis.model.UserData#27]
14:17:23.272 [Test worker] DEBUG org.hibernate.loader.Loader - Result set row: 26
14:17:23.272 [Test worker] DEBUG org.hibernate.loader.Loader - Result row: EntityKey[ru.stqa.pft.mantis.model.UserData#28]
14:17:23.272 [Test worker] DEBUG org.hibernate.loader.Loader - Result set row: 27
14:17:23.272 [Test worker] DEBUG org.hibernate.loader.Loader - Result row: EntityKey[ru.stqa.pft.mantis.model.UserData#29]
14:17:23.272 [Test worker] DEBUG org.hibernate.loader.Loader - Result set row: 28
14:17:23.272 [Test worker] DEBUG org.hibernate.loader.Loader - Result row: EntityKey[ru.stqa.pft.mantis.model.UserData#30]
14:17:23.273 [Test worker] DEBUG org.hibernate.loader.Loader - Result set row: 29
14:17:23.273 [Test worker] DEBUG org.hibernate.loader.Loader - Result row: EntityKey[ru.stqa.pft.mantis.model.UserData#31]
14:17:23.273 [Test worker] DEBUG org.hibernate.loader.Loader - Result set row: 30
14:17:23.273 [Test worker] DEBUG org.hibernate.loader.Loader - Result row: EntityKey[ru.stqa.pft.mantis.model.UserData#32]
14:17:23.273 [Test worker] DEBUG org.hibernate.loader.Loader - Result set row: 31
14:17:23.273 [Test worker] DEBUG org.hibernate.loader.Loader - Result row: EntityKey[ru.stqa.pft.mantis.model.UserData#33]
14:17:23.273 [Test worker] DEBUG org.hibernate.loader.Loader - Result set row: 32
14:17:23.273 [Test worker] DEBUG org.hibernate.loader.Loader - Result row: EntityKey[ru.stqa.pft.mantis.model.UserData#34]
14:17:23.273 [Test worker] DEBUG org.hibernate.loader.Loader - Result set row: 33
14:17:23.274 [Test worker] DEBUG org.hibernate.loader.Loader - Result row: EntityKey[ru.stqa.pft.mantis.model.UserData#35]
14:17:23.274 [Test worker] DEBUG org.hibernate.loader.Loader - Result set row: 34
14:17:23.274 [Test worker] DEBUG org.hibernate.loader.Loader - Result row: EntityKey[ru.stqa.pft.mantis.model.UserData#36]
14:17:23.274 [Test worker] DEBUG org.hibernate.loader.Loader - Result set row: 35
14:17:23.274 [Test worker] DEBUG org.hibernate.loader.Loader - Result row: EntityKey[ru.stqa.pft.mantis.model.UserData#37]
14:17:23.274 [Test worker] DEBUG org.hibernate.loader.Loader - Result set row: 36
14:17:23.274 [Test worker] DEBUG org.hibernate.loader.Loader - Result row: EntityKey[ru.stqa.pft.mantis.model.UserData#38]
14:17:23.274 [Test worker] DEBUG org.hibernate.loader.Loader - Result set row: 37
14:17:23.274 [Test worker] DEBUG org.hibernate.loader.Loader - Result row: EntityKey[ru.stqa.pft.mantis.model.UserData#39]
14:17:23.274 [Test worker] DEBUG org.hibernate.loader.Loader - Result set row: 38
14:17:23.275 [Test worker] DEBUG org.hibernate.loader.Loader - Result row: EntityKey[ru.stqa.pft.mantis.model.UserData#40]
14:17:23.275 [Test worker] DEBUG org.hibernate.loader.Loader - Result set row: 39
14:17:23.275 [Test worker] DEBUG org.hibernate.loader.Loader - Result row: EntityKey[ru.stqa.pft.mantis.model.UserData#41]
14:17:23.275 [Test worker] DEBUG org.hibernate.loader.Loader - Result set row: 40
14:17:23.275 [Test worker] DEBUG org.hibernate.loader.Loader - Result row: EntityKey[ru.stqa.pft.mantis.model.UserData#42]
14:17:23.275 [Test worker] DEBUG org.hibernate.loader.Loader - Result set row: 41
14:17:23.275 [Test worker] DEBUG org.hibernate.loader.Loader - Result row: EntityKey[ru.stqa.pft.mantis.model.UserData#43]
14:17:23.275 [Test worker] DEBUG org.hibernate.loader.Loader - Result set row: 42
14:17:23.275 [Test worker] DEBUG org.hibernate.loader.Loader - Result row: EntityKey[ru.stqa.pft.mantis.model.UserData#44]
14:17:23.276 [Test worker] DEBUG org.hibernate.loader.Loader - Result set row: 43
14:17:23.276 [Test worker] DEBUG org.hibernate.loader.Loader - Result row: EntityKey[ru.stqa.pft.mantis.model.UserData#45]
14:17:23.276 [Test worker] DEBUG org.hibernate.loader.Loader - Result set row: 44
14:17:23.276 [Test worker] DEBUG org.hibernate.loader.Loader - Result row: EntityKey[ru.stqa.pft.mantis.model.UserData#46]
14:17:23.276 [Test worker] DEBUG org.hibernate.loader.Loader - Result set row: 45
14:17:23.276 [Test worker] DEBUG org.hibernate.loader.Loader - Result row: EntityKey[ru.stqa.pft.mantis.model.UserData#47]
14:17:23.278 [Test worker] DEBUG org.hibernate.engine.internal.TwoPhaseLoad - Resolving associations for [ru.stqa.pft.mantis.model.UserData#2]
14:17:23.281 [Test worker] DEBUG org.hibernate.engine.internal.TwoPhaseLoad - Done materializing entity [ru.stqa.pft.mantis.model.UserData#2]
14:17:23.281 [Test worker] DEBUG org.hibernate.engine.internal.TwoPhaseLoad - Resolving associations for [ru.stqa.pft.mantis.model.UserData#3]
14:17:23.281 [Test worker] DEBUG org.hibernate.engine.internal.TwoPhaseLoad - Done materializing entity [ru.stqa.pft.mantis.model.UserData#3]
14:17:23.281 [Test worker] DEBUG org.hibernate.engine.internal.TwoPhaseLoad - Resolving associations for [ru.stqa.pft.mantis.model.UserData#4]
14:17:23.281 [Test worker] DEBUG org.hibernate.engine.internal.TwoPhaseLoad - Done materializing entity [ru.stqa.pft.mantis.model.UserData#4]
14:17:23.281 [Test worker] DEBUG org.hibernate.engine.internal.TwoPhaseLoad - Resolving associations for [ru.stqa.pft.mantis.model.UserData#5]
14:17:23.282 [Test worker] DEBUG org.hibernate.engine.internal.TwoPhaseLoad - Done materializing entity [ru.stqa.pft.mantis.model.UserData#5]
14:17:23.282 [Test worker] DEBUG org.hibernate.engine.internal.TwoPhaseLoad - Resolving associations for [ru.stqa.pft.mantis.model.UserData#6]
14:17:23.282 [Test worker] DEBUG org.hibernate.engine.internal.TwoPhaseLoad - Done materializing entity [ru.stqa.pft.mantis.model.UserData#6]
14:17:23.282 [Test worker] DEBUG org.hibernate.engine.internal.TwoPhaseLoad - Resolving associations for [ru.stqa.pft.mantis.model.UserData#7]
14:17:23.282 [Test worker] DEBUG org.hibernate.engine.internal.TwoPhaseLoad - Done materializing entity [ru.stqa.pft.mantis.model.UserData#7]
14:17:23.282 [Test worker] DEBUG org.hibernate.engine.internal.TwoPhaseLoad - Resolving associations for [ru.stqa.pft.mantis.model.UserData#8]
14:17:23.282 [Test worker] DEBUG org.hibernate.engine.internal.TwoPhaseLoad - Done materializing entity [ru.stqa.pft.mantis.model.UserData#8]
14:17:23.282 [Test worker] DEBUG org.hibernate.engine.internal.TwoPhaseLoad - Resolving associations for [ru.stqa.pft.mantis.model.UserData#9]
14:17:23.282 [Test worker] DEBUG org.hibernate.engine.internal.TwoPhaseLoad - Done materializing entity [ru.stqa.pft.mantis.model.UserData#9]
14:17:23.283 [Test worker] DEBUG org.hibernate.engine.internal.TwoPhaseLoad - Resolving associations for [ru.stqa.pft.mantis.model.UserData#10]
14:17:23.283 [Test worker] DEBUG org.hibernate.engine.internal.TwoPhaseLoad - Done materializing entity [ru.stqa.pft.mantis.model.UserData#10]
14:17:23.283 [Test worker] DEBUG org.hibernate.engine.internal.TwoPhaseLoad - Resolving associations for [ru.stqa.pft.mantis.model.UserData#11]
14:17:23.283 [Test worker] DEBUG org.hibernate.engine.internal.TwoPhaseLoad - Done materializing entity [ru.stqa.pft.mantis.model.UserData#11]
14:17:23.283 [Test worker] DEBUG org.hibernate.engine.internal.TwoPhaseLoad - Resolving associations for [ru.stqa.pft.mantis.model.UserData#12]
14:17:23.283 [Test worker] DEBUG org.hibernate.engine.internal.TwoPhaseLoad - Done materializing entity [ru.stqa.pft.mantis.model.UserData#12]
14:17:23.283 [Test worker] DEBUG org.hibernate.engine.internal.TwoPhaseLoad - Resolving associations for [ru.stqa.pft.mantis.model.UserData#13]
14:17:23.283 [Test worker] DEBUG org.hibernate.engine.internal.TwoPhaseLoad - Done materializing entity [ru.stqa.pft.mantis.model.UserData#13]
14:17:23.283 [Test worker] DEBUG org.hibernate.engine.internal.TwoPhaseLoad - Resolving associations for [ru.stqa.pft.mantis.model.UserData#14]
14:17:23.283 [Test worker] DEBUG org.hibernate.engine.internal.TwoPhaseLoad - Done materializing entity [ru.stqa.pft.mantis.model.UserData#14]
14:17:23.284 [Test worker] DEBUG org.hibernate.engine.internal.TwoPhaseLoad - Resolving associations for [ru.stqa.pft.mantis.model.UserData#15]
14:17:23.284 [Test worker] DEBUG org.hibernate.engine.internal.TwoPhaseLoad - Done materializing entity [ru.stqa.pft.mantis.model.UserData#15]
14:17:23.284 [Test worker] DEBUG org.hibernate.engine.internal.TwoPhaseLoad - Resolving associations for [ru.stqa.pft.mantis.model.UserData#16]
14:17:23.284 [Test worker] DEBUG org.hibernate.engine.internal.TwoPhaseLoad - Done materializing entity [ru.stqa.pft.mantis.model.UserData#16]
14:17:23.284 [Test worker] DEBUG org.hibernate.engine.internal.TwoPhaseLoad - Resolving associations for [ru.stqa.pft.mantis.model.UserData#17]
14:17:23.284 [Test worker] DEBUG org.hibernate.engine.internal.TwoPhaseLoad - Done materializing entity [ru.stqa.pft.mantis.model.UserData#17]
14:17:23.284 [Test worker] DEBUG org.hibernate.engine.internal.TwoPhaseLoad - Resolving associations for [ru.stqa.pft.mantis.model.UserData#18]
14:17:23.284 [Test worker] DEBUG org.hibernate.engine.internal.TwoPhaseLoad - Done materializing entity [ru.stqa.pft.mantis.model.UserData#18]
14:17:23.284 [Test worker] DEBUG org.hibernate.engine.internal.TwoPhaseLoad - Resolving associations for [ru.stqa.pft.mantis.model.UserData#19]
14:17:23.284 [Test worker] DEBUG org.hibernate.engine.internal.TwoPhaseLoad - Done materializing entity [ru.stqa.pft.mantis.model.UserData#19]
14:17:23.285 [Test worker] DEBUG org.hibernate.engine.internal.TwoPhaseLoad - Resolving associations for [ru.stqa.pft.mantis.model.UserData#20]
14:17:23.285 [Test worker] DEBUG org.hibernate.engine.internal.TwoPhaseLoad - Done materializing entity [ru.stqa.pft.mantis.model.UserData#20]
14:17:23.285 [Test worker] DEBUG org.hibernate.engine.internal.TwoPhaseLoad - Resolving associations for [ru.stqa.pft.mantis.model.UserData#21]
14:17:23.285 [Test worker] DEBUG org.hibernate.engine.internal.TwoPhaseLoad - Done materializing entity [ru.stqa.pft.mantis.model.UserData#21]
14:17:23.285 [Test worker] DEBUG org.hibernate.engine.internal.TwoPhaseLoad - Resolving associations for [ru.stqa.pft.mantis.model.UserData#22]
14:17:23.285 [Test worker] DEBUG org.hibernate.engine.internal.TwoPhaseLoad - Done materializing entity [ru.stqa.pft.mantis.model.UserData#22]
14:17:23.285 [Test worker] DEBUG org.hibernate.engine.internal.TwoPhaseLoad - Resolving associations for [ru.stqa.pft.mantis.model.UserData#23]
14:17:23.285 [Test worker] DEBUG org.hibernate.engine.internal.TwoPhaseLoad - Done materializing entity [ru.stqa.pft.mantis.model.UserData#23]
14:17:23.285 [Test worker] DEBUG org.hibernate.engine.internal.TwoPhaseLoad - Resolving associations for [ru.stqa.pft.mantis.model.UserData#24]
14:17:23.285 [Test worker] DEBUG org.hibernate.engine.internal.TwoPhaseLoad - Done materializing entity [ru.stqa.pft.mantis.model.UserData#24]
14:17:23.286 [Test worker] DEBUG org.hibernate.engine.internal.TwoPhaseLoad - Resolving associations for [ru.stqa.pft.mantis.model.UserData#25]
14:17:23.286 [Test worker] DEBUG org.hibernate.engine.internal.TwoPhaseLoad - Done materializing entity [ru.stqa.pft.mantis.model.UserData#25]
14:17:23.286 [Test worker] DEBUG org.hibernate.engine.internal.TwoPhaseLoad - Resolving associations for [ru.stqa.pft.mantis.model.UserData#26]
14:17:23.286 [Test worker] DEBUG org.hibernate.engine.internal.TwoPhaseLoad - Done materializing entity [ru.stqa.pft.mantis.model.UserData#26]
14:17:23.286 [Test worker] DEBUG org.hibernate.engine.internal.TwoPhaseLoad - Resolving associations for [ru.stqa.pft.mantis.model.UserData#27]
14:17:23.286 [Test worker] DEBUG org.hibernate.engine.internal.TwoPhaseLoad - Done materializing entity [ru.stqa.pft.mantis.model.UserData#27]
14:17:23.286 [Test worker] DEBUG org.hibernate.engine.internal.TwoPhaseLoad - Resolving associations for [ru.stqa.pft.mantis.model.UserData#28]
14:17:23.286 [Test worker] DEBUG org.hibernate.engine.internal.TwoPhaseLoad - Done materializing entity [ru.stqa.pft.mantis.model.UserData#28]
14:17:23.287 [Test worker] DEBUG org.hibernate.engine.internal.TwoPhaseLoad - Resolving associations for [ru.stqa.pft.mantis.model.UserData#29]
14:17:23.287 [Test worker] DEBUG org.hibernate.engine.internal.TwoPhaseLoad - Done materializing entity [ru.stqa.pft.mantis.model.UserData#29]
14:17:23.287 [Test worker] DEBUG org.hibernate.engine.internal.TwoPhaseLoad - Resolving associations for [ru.stqa.pft.mantis.model.UserData#30]
14:17:23.287 [Test worker] DEBUG org.hibernate.engine.internal.TwoPhaseLoad - Done materializing entity [ru.stqa.pft.mantis.model.UserData#30]
14:17:23.287 [Test worker] DEBUG org.hibernate.engine.internal.TwoPhaseLoad - Resolving associations for [ru.stqa.pft.mantis.model.UserData#31]
14:17:23.287 [Test worker] DEBUG org.hibernate.engine.internal.TwoPhaseLoad - Done materializing entity [ru.stqa.pft.mantis.model.UserData#31]
14:17:23.287 [Test worker] DEBUG org.hibernate.engine.internal.TwoPhaseLoad - Resolving associations for [ru.stqa.pft.mantis.model.UserData#32]
14:17:23.287 [Test worker] DEBUG org.hibernate.engine.internal.TwoPhaseLoad - Done materializing entity [ru.stqa.pft.mantis.model.UserData#32]
14:17:23.287 [Test worker] DEBUG org.hibernate.engine.internal.TwoPhaseLoad - Resolving associations for [ru.stqa.pft.mantis.model.UserData#33]
14:17:23.287 [Test worker] DEBUG org.hibernate.engine.internal.TwoPhaseLoad - Done materializing entity [ru.stqa.pft.mantis.model.UserData#33]
14:17:23.288 [Test worker] DEBUG org.hibernate.engine.internal.TwoPhaseLoad - Resolving associations for [ru.stqa.pft.mantis.model.UserData#34]
14:17:23.288 [Test worker] DEBUG org.hibernate.engine.internal.TwoPhaseLoad - Done materializing entity [ru.stqa.pft.mantis.model.UserData#34]
14:17:23.288 [Test worker] DEBUG org.hibernate.engine.internal.TwoPhaseLoad - Resolving associations for [ru.stqa.pft.mantis.model.UserData#35]
14:17:23.288 [Test worker] DEBUG org.hibernate.engine.internal.TwoPhaseLoad - Done materializing entity [ru.stqa.pft.mantis.model.UserData#35]
14:17:23.288 [Test worker] DEBUG org.hibernate.engine.internal.TwoPhaseLoad - Resolving associations for [ru.stqa.pft.mantis.model.UserData#36]
14:17:23.288 [Test worker] DEBUG org.hibernate.engine.internal.TwoPhaseLoad - Done materializing entity [ru.stqa.pft.mantis.model.UserData#36]
14:17:23.288 [Test worker] DEBUG org.hibernate.engine.internal.TwoPhaseLoad - Resolving associations for [ru.stqa.pft.mantis.model.UserData#37]
14:17:23.288 [Test worker] DEBUG org.hibernate.engine.internal.TwoPhaseLoad - Done materializing entity [ru.stqa.pft.mantis.model.UserData#37]
14:17:23.288 [Test worker] DEBUG org.hibernate.engine.internal.TwoPhaseLoad - Resolving associations for [ru.stqa.pft.mantis.model.UserData#38]
14:17:23.288 [Test worker] DEBUG org.hibernate.engine.internal.TwoPhaseLoad - Done materializing entity [ru.stqa.pft.mantis.model.UserData#38]
14:17:23.289 [Test worker] DEBUG org.hibernate.engine.internal.TwoPhaseLoad - Resolving associations for [ru.stqa.pft.mantis.model.UserData#39]
14:17:23.289 [Test worker] DEBUG org.hibernate.engine.internal.TwoPhaseLoad - Done materializing entity [ru.stqa.pft.mantis.model.UserData#39]
14:17:23.289 [Test worker] DEBUG org.hibernate.engine.internal.TwoPhaseLoad - Resolving associations for [ru.stqa.pft.mantis.model.UserData#40]
14:17:23.289 [Test worker] DEBUG org.hibernate.engine.internal.TwoPhaseLoad - Done materializing entity [ru.stqa.pft.mantis.model.UserData#40]
14:17:23.289 [Test worker] DEBUG org.hibernate.engine.internal.TwoPhaseLoad - Resolving associations for [ru.stqa.pft.mantis.model.UserData#41]
14:17:23.289 [Test worker] DEBUG org.hibernate.engine.internal.TwoPhaseLoad - Done materializing entity [ru.stqa.pft.mantis.model.UserData#41]
14:17:23.289 [Test worker] DEBUG org.hibernate.engine.internal.TwoPhaseLoad - Resolving associations for [ru.stqa.pft.mantis.model.UserData#42]
14:17:23.289 [Test worker] DEBUG org.hibernate.engine.internal.TwoPhaseLoad - Done materializing entity [ru.stqa.pft.mantis.model.UserData#42]
14:17:23.289 [Test worker] DEBUG org.hibernate.engine.internal.TwoPhaseLoad - Resolving associations for [ru.stqa.pft.mantis.model.UserData#43]
14:17:23.290 [Test worker] DEBUG org.hibernate.engine.internal.TwoPhaseLoad - Done materializing entity [ru.stqa.pft.mantis.model.UserData#43]
14:17:23.290 [Test worker] DEBUG org.hibernate.engine.internal.TwoPhaseLoad - Resolving associations for [ru.stqa.pft.mantis.model.UserData#44]
14:17:23.290 [Test worker] DEBUG org.hibernate.engine.internal.TwoPhaseLoad - Done materializing entity [ru.stqa.pft.mantis.model.UserData#44]
14:17:23.290 [Test worker] DEBUG org.hibernate.engine.internal.TwoPhaseLoad - Resolving associations for [ru.stqa.pft.mantis.model.UserData#45]
14:17:23.290 [Test worker] DEBUG org.hibernate.engine.internal.TwoPhaseLoad - Done materializing entity [ru.stqa.pft.mantis.model.UserData#45]
14:17:23.290 [Test worker] DEBUG org.hibernate.engine.internal.TwoPhaseLoad - Resolving associations for [ru.stqa.pft.mantis.model.UserData#46]
14:17:23.290 [Test worker] DEBUG org.hibernate.engine.internal.TwoPhaseLoad - Done materializing entity [ru.stqa.pft.mantis.model.UserData#46]
14:17:23.290 [Test worker] DEBUG org.hibernate.engine.internal.TwoPhaseLoad - Resolving associations for [ru.stqa.pft.mantis.model.UserData#47]
14:17:23.290 [Test worker] DEBUG org.hibernate.engine.internal.TwoPhaseLoad - Done materializing entity [ru.stqa.pft.mantis.model.UserData#47]
14:17:23.292 [Test worker] DEBUG org.hibernate.engine.transaction.internal.TransactionImpl - committing
14:17:23.292 [Test worker] DEBUG org.hibernate.event.internal.AbstractFlushingEventListener - Processing flush-time cascades
14:17:23.294 [Test worker] DEBUG org.hibernate.event.internal.AbstractFlushingEventListener - Dirty checking collections
14:17:23.298 [Test worker] DEBUG org.hibernate.event.internal.AbstractFlushingEventListener - Flushed: 0 insertions, 0 updates, 0 deletions to 46 objects
14:17:23.298 [Test worker] DEBUG org.hibernate.event.internal.AbstractFlushingEventListener - Flushed: 0 (re)creations, 0 updates, 0 removals to 0 collections
14:17:23.300 [Test worker] DEBUG org.hibernate.internal.util.EntityPrinter - Listing entities:
14:17:23.300 [Test worker] DEBUG org.hibernate.internal.util.EntityPrinter - ru.stqa.pft.mantis.model.UserData{password=eeb60f409fd38ffa5262c155e786e753, id=11, email=user770@localhost.localdomain, username=user770}
14:17:23.300 [Test worker] DEBUG org.hibernate.internal.util.EntityPrinter - ru.stqa.pft.mantis.model.UserData{password=7616dcf0e169f9599a6c0b003a41559f, id=12, email=user963@localhost.localdomain, username=user963}
14:17:23.300 [Test worker] DEBUG org.hibernate.internal.util.EntityPrinter - ru.stqa.pft.mantis.model.UserData{password=68f0a1911225e8ecf4265279b8228e87, id=13, email=user99@localhost.localdomain, username=user99}
14:17:23.300 [Test worker] DEBUG org.hibernate.internal.util.EntityPrinter - ru.stqa.pft.mantis.model.UserData{password=2a777fee99f75a1d3222a98f22cdc329, id=14, email=user608@localhost.localdomain, username=user608}
14:17:23.301 [Test worker] DEBUG org.hibernate.internal.util.EntityPrinter - ru.stqa.pft.mantis.model.UserData{password=5f4dcc3b5aa765d61d8327deb882cf99, id=15, email=user768@localhost.localdomain, username=user768}
14:17:23.301 [Test worker] DEBUG org.hibernate.internal.util.EntityPrinter - ru.stqa.pft.mantis.model.UserData{password=5f4dcc3b5aa765d61d8327deb882cf99, id=16, email=user811@localhost.localdomain, username=user811}
14:17:23.301 [Test worker] DEBUG org.hibernate.internal.util.EntityPrinter - ru.stqa.pft.mantis.model.UserData{password=5f4dcc3b5aa765d61d8327deb882cf99, id=17, email=user562@localhost.localdomain, username=user562}
14:17:23.301 [Test worker] DEBUG org.hibernate.internal.util.EntityPrinter - ru.stqa.pft.mantis.model.UserData{password=5f4dcc3b5aa765d61d8327deb882cf99, id=18, email=user787@localhost.localdomain, username=user787}
14:17:23.301 [Test worker] DEBUG org.hibernate.internal.util.EntityPrinter - ru.stqa.pft.mantis.model.UserData{password=5f4dcc3b5aa765d61d8327deb882cf99, id=19, email=user416@localhost.localdomain, username=user416}
14:17:23.301 [Test worker] DEBUG org.hibernate.internal.util.EntityPrinter - ru.stqa.pft.mantis.model.UserData{password=5f4dcc3b5aa765d61d8327deb882cf99, id=20, email=user63@localhost.localdomain, username=user63}
14:17:23.301 [Test worker] DEBUG org.hibernate.internal.util.EntityPrinter - ru.stqa.pft.mantis.model.UserData{password=5f4dcc3b5aa765d61d8327deb882cf99, id=21, email=user990@localhost.localdomain, username=user990}
14:17:23.301 [Test worker] DEBUG org.hibernate.internal.util.EntityPrinter - ru.stqa.pft.mantis.model.UserData{password=5f4dcc3b5aa765d61d8327deb882cf99, id=22, email=user730@localhost.localdomain, username=user730}
14:17:23.301 [Test worker] DEBUG org.hibernate.internal.util.EntityPrinter - ru.stqa.pft.mantis.model.UserData{password=5f4dcc3b5aa765d61d8327deb882cf99, id=23, email=user241@localhost.localdomain, username=user241}
14:17:23.301 [Test worker] DEBUG org.hibernate.internal.util.EntityPrinter - ru.stqa.pft.mantis.model.UserData{password=5f4dcc3b5aa765d61d8327deb882cf99, id=24, email=user60@localhost.localdomain, username=user60}
14:17:23.301 [Test worker] DEBUG org.hibernate.internal.util.EntityPrinter - ru.stqa.pft.mantis.model.UserData{password=142c012b439340f44b142d4eb0e048ec, id=25, email=user464@localhost.localdomain, username=user464}
14:17:23.302 [Test worker] DEBUG org.hibernate.internal.util.EntityPrinter - ru.stqa.pft.mantis.model.UserData{password=b2a5ca6aa461b9f06260f07e877a6b6f, id=26, email=user902@localhost.localdomain, username=user902}
14:17:23.302 [Test worker] DEBUG org.hibernate.internal.util.EntityPrinter - ru.stqa.pft.mantis.model.UserData{password=7a3815298d127e813ac6ecf36693f37d, id=27, email=user500@localhost.localdomain, username=user500}
14:17:23.302 [Test worker] DEBUG org.hibernate.internal.util.EntityPrinter - ru.stqa.pft.mantis.model.UserData{password=44878f7836bd6d85c5f82d8efe95d4e1, id=28, email=user582@localhost.localdomain, username=user582}
14:17:23.302 [Test worker] DEBUG org.hibernate.internal.util.EntityPrinter - ru.stqa.pft.mantis.model.UserData{password=d91650a938b7d9ae3d7b5d309aa79a85, id=29, email=user232@localhost.localdomain, username=user232}
14:17:23.302 [Test worker] DEBUG org.hibernate.internal.util.EntityPrinter - ru.stqa.pft.mantis.model.UserData{password=7620635a75a140cc820e47ea6dd67ad8, id=30, email=user-1582739787376@localhost.localdomain, username=user-1582739787376}
14:17:23.302 [Test worker] DEBUG org.hibernate.internal.util.EntityPrinter - ru.stqa.pft.mantis.model.UserData{password=e9d8ab6aec136d98b34c9bb4c734cfa1, id=31, email=user-1582740233328@localhost.localdomain, username=user-1582740233328}
14:17:23.302 [Test worker] DEBUG org.hibernate.internal.util.EntityPrinter - More......
14:17:23.342 [Test worker] DEBUG org.subethamail.smtp.server.CommandHandler - Added command: AUTH
14:17:23.342 [Test worker] DEBUG org.subethamail.smtp.server.CommandHandler - Added command: DATA
14:17:23.343 [Test worker] DEBUG org.subethamail.smtp.server.CommandHandler - Added command: EHLO
14:17:23.343 [Test worker] DEBUG org.subethamail.smtp.server.CommandHandler - Added command: HELO
14:17:23.343 [Test worker] DEBUG org.subethamail.smtp.server.CommandHandler - Added command: HELP
14:17:23.343 [Test worker] DEBUG org.subethamail.smtp.server.CommandHandler - Added command: MAIL
14:17:23.343 [Test worker] DEBUG org.subethamail.smtp.server.CommandHandler - Added command: NOOP
14:17:23.343 [Test worker] DEBUG org.subethamail.smtp.server.CommandHandler - Added command: QUIT
14:17:23.343 [Test worker] DEBUG org.subethamail.smtp.server.CommandHandler - Added command: RCPT
14:17:23.343 [Test worker] DEBUG org.subethamail.smtp.server.CommandHandler - Added command: RSET
14:17:23.343 [Test worker] DEBUG org.subethamail.smtp.server.CommandHandler - Added command: STARTTLS
14:17:23.343 [Test worker] DEBUG org.subethamail.smtp.server.CommandHandler - Added command: VRFY
14:17:23.344 [Test worker] INFO org.subethamail.smtp.server.SMTPServer - SMTP server *:25 starting
14:17:23.345 [org.subethamail.smtp.server.ServerThread *:25] INFO org.subethamail.smtp.server.ServerThread - SMTP server *:25 started
14:17:34.456 [org.subethamail.smtp.server.Session-/0:0:0:0:0:0:0:1:57424] DEBUG org.subethamail.smtp.server.Session - SMTP connection from 0:0:0:0:0:0:0:1/0:0:0:0:0:0:0:1, new connection count: 1
14:17:34.456 [org.subethamail.smtp.server.Session-/0:0:0:0:0:0:0:1:57424] DEBUG org.subethamail.smtp.server.Session - Server: 220 DESKTOP-TKCAAQ5 ESMTP SubEthaSMTP 3.1.7
14:17:34.466 [org.subethamail.smtp.server.Session-/0:0:0:0:0:0:0:1:57424] DEBUG org.subethamail.smtp.server.Session - Client: EHLO localhost
14:17:34.466 [org.subethamail.smtp.server.Session-/0:0:0:0:0:0:0:1:57424] DEBUG org.subethamail.smtp.server.Session - Server: 250-DESKTOP-TKCAAQ5
250-8BITMIME
250 Ok
14:17:34.467 [org.subethamail.smtp.server.Session-/0:0:0:0:0:0:0:1:57424] DEBUG org.subethamail.smtp.server.Session - Client: MAIL FROM:<admin@example.com>
14:17:34.470 [org.subethamail.smtp.server.Session-/0:0:0:0:0:0:0:1:57424] DEBUG org.subethamail.smtp.server.Session - Server: 250 Ok
14:17:34.473 [org.subethamail.smtp.server.Session-/0:0:0:0:0:0:0:1:57424] DEBUG org.subethamail.smtp.server.Session - Client: RCPT TO:<user-1582787109264@localhost>
14:17:34.473 [org.subethamail.smtp.server.Session-/0:0:0:0:0:0:0:1:57424] DEBUG org.subethamail.wiser.Wiser - Accepting mail from admin@example.com to user-1582787109264@localhost
14:17:34.473 [org.subethamail.smtp.server.Session-/0:0:0:0:0:0:0:1:57424] DEBUG org.subethamail.smtp.server.Session - Server: 250 Ok
14:17:34.474 [org.subethamail.smtp.server.Session-/0:0:0:0:0:0:0:1:57424] DEBUG org.subethamail.smtp.server.Session - Client: DATA
14:17:34.474 [org.subethamail.smtp.server.Session-/0:0:0:0:0:0:0:1:57424] DEBUG org.subethamail.smtp.server.Session - Server: 354 End data with <CR><LF>.<CR><LF>
14:17:34.480 [org.subethamail.smtp.server.Session-/0:0:0:0:0:0:0:1:57424] DEBUG org.subethamail.wiser.Wiser - Delivering mail from admin@example.com to user-1582787109264@localhost
14:17:34.486 [org.subethamail.smtp.server.Session-/0:0:0:0:0:0:0:1:57424] DEBUG org.subethamail.wiser.Wiser - Creating message from data with 1183 bytes
14:17:34.487 [org.subethamail.smtp.server.Session-/0:0:0:0:0:0:0:1:57424] DEBUG org.subethamail.smtp.server.Session - Server: 250 Ok
14:17:34.487 [org.subethamail.smtp.server.Session-/0:0:0:0:0:0:0:1:57424] DEBUG org.subethamail.smtp.server.Session - Client: RSET
14:17:34.487 [org.subethamail.smtp.server.Session-/0:0:0:0:0:0:0:1:57424] DEBUG org.subethamail.smtp.server.Session - Server: 250 Ok
14:17:34.489 [org.subethamail.smtp.server.Session-/0:0:0:0:0:0:0:1:57424] DEBUG org.subethamail.smtp.server.Session - Client: QUIT
14:17:34.489 [org.subethamail.smtp.server.Session-/0:0:0:0:0:0:0:1:57424] DEBUG org.subethamail.smtp.server.Session - Server: 221 Bye
14:17:37.621 [Test worker] INFO org.subethamail.smtp.server.SMTPServer - SMTP server *:25 stopping
14:17:37.621 [Test worker] DEBUG org.subethamail.smtp.server.ServerThread - SMTP Server socket shut down
14:17:37.621 [org.subethamail.smtp.server.ServerThread *:25] INFO org.subethamail.smtp.server.ServerThread - SMTP server *:25 stopped
]]></system-out>
  <system-err><![CDATA[Starting ChromeDriver 79.0.3945.36 (3582db32b33893869b8c1339e8f4d9ed1816f143-refs/branch-heads/3945@{#614}) on port 4358
Only local connections are allowed.
Please protect ports used by ChromeDriver and related test frameworks to prevent access by malicious code.
[1582888645.583][WARNING]: This version of ChromeDriver has not been tested with Chrome version 80.
[1582888647.592][WARNING]: Timed out connecting to Chrome, retrying...
фев 28, 2020 2:17:29 PM org.openqa.selenium.remote.ProtocolHandshake createSession
INFO: Detected dialect: W3C
]]></system-err>
</testsuite>
