<?xml version="1.0" encoding="UTF-8"?>
<testsuite name="ru.stqa.pft.mantis.tests.SoapTests" tests="3" skipped="0" failures="0" errors="0" timestamp="2020-03-02T09:16:18" hostname="DESKTOP-TKCAAQ5" time="2.114">
  <properties/>
  <testcase name="testCreateIssue" classname="ru.stqa.pft.mantis.tests.SoapTests" time="1.382"/>
  <testcase name="testGetProjects" classname="ru.stqa.pft.mantis.tests.SoapTests" time="0.23"/>
  <testcase name="testIssueStatus" classname="ru.stqa.pft.mantis.tests.SoapTests" time="0.494"/>
  <system-out><![CDATA[1
test
]]></system-out>
  <system-err><![CDATA[]]></system-err>
</testsuite>
