<?xml version="1.0" encoding="UTF-8"?>
<testsuite name="ru.stqa.pft.mantis.tests.RegistrationTests" tests="1" skipped="0" failures="0" errors="0" timestamp="2020-02-23T13:59:45" hostname="DESKTOP-TKCAAQ5" time="8.627">
  <properties/>
  <testcase name="testRegistration" classname="ru.stqa.pft.mantis.tests.RegistrationTests" time="8.627"/>
  <system-out><![CDATA[]]></system-out>
  <system-err><![CDATA[Starting ChromeDriver 79.0.3945.36 (3582db32b33893869b8c1339e8f4d9ed1816f143-refs/branch-heads/3945@{#614}) on port 29007
Only local connections are allowed.
Please protect ports used by ChromeDriver and related test frameworks to prevent access by malicious code.
[1582466389.725][WARNING]: Timed out connecting to Chrome, retrying...
фев 23, 2020 4:59:51 PM org.openqa.selenium.remote.ProtocolHandshake createSession
INFO: Detected dialect: W3C
]]></system-err>
</testsuite>
