<?xml version="1.0" encoding="UTF-8"?>
<testsuite name="ru.stqa.pft.mantis.tests.RegistrationTests" tests="1" skipped="0" failures="0" errors="0" timestamp="2020-02-27T07:05:09" hostname="DESKTOP-TKCAAQ5" time="75.737">
  <properties/>
  <testcase name="testRegistration" classname="ru.stqa.pft.mantis.tests.RegistrationTests" time="75.737"/>
  <system-out><![CDATA[JAMES Remote Administration Tool 2.2.0
Please enter your login and password
Login id:

Password:

Login failed for 
Login id:root

Password:root

Welcome root. HELP for a list of commandsadduser user-1582787109264 password

User user-1582787109264 addedquit
]]></system-out>
  <system-err><![CDATA[Starting ChromeDriver 79.0.3945.36 (3582db32b33893869b8c1339e8f4d9ed1816f143-refs/branch-heads/3945@{#614}) on port 30746
Only local connections are allowed.
Please protect ports used by ChromeDriver and related test frameworks to prevent access by malicious code.
[1582787113.584][WARNING]: Timed out connecting to Chrome, retrying...
фев 27, 2020 10:05:15 AM org.openqa.selenium.remote.ProtocolHandshake createSession
INFO: Detected dialect: W3C
]]></system-err>
</testsuite>
