<?xml version="1.0" encoding="UTF-8"?>
<testsuite name="ru.stqa.pft.addressbook.tests.ContactsCreationTests" tests="1" skipped="0" failures="0" errors="0" timestamp="2020-02-18T10:12:41" hostname="DESKTOP-TKCAAQ5" time="3.47">
  <properties/>
  <testcase name="testContactsCreation[0](ContactData{id=0, name='Name0', lastname='LastName0', address='Address0', homephone='11111-0', mobilephone='22222-0', workphone='33333-0', email1='email1_0@bk.ru', email2='email2_0@bk.ru', email3='email3_0@bk.ru', allPhones='null', allEmails='null'})" classname="ru.stqa.pft.addressbook.tests.ContactsCreationTests" time="3.47"/>
  <system-out><![CDATA[13:12:41.401 [Test worker] INFO  r.s.pft.addressbook.tests.TestBase - Start testtestContactsCreation with parametrs [ContactData{id=0, name='Name0', lastname='LastName0', address='Address0', homephone='11111-0', mobilephone='22222-0', workphone='33333-0', email1='email1_0@bk.ru', email2='email2_0@bk.ru', email3='email3_0@bk.ru', allPhones='null', allEmails='null'}]
13:12:41.903 [Test worker] INFO  o.h.h.i.QueryTranslatorFactoryInitiator - HHH000397: Using ASTQueryTranslatorFactory
Hibernate: select contactdat0_.id as id1_0_, contactdat0_.address as address2_0_, contactdat0_.email as email3_0_, contactdat0_.email2 as email4_0_, contactdat0_.email3 as email5_0_, contactdat0_.home as home6_0_, contactdat0_.lastname as lastname7_0_, contactdat0_.mobile as mobile8_0_, contactdat0_.firstname as firstnam9_0_, contactdat0_.work as work10_0_ from addressbook contactdat0_
Hibernate: select contactdat0_.id as id1_0_, contactdat0_.address as address2_0_, contactdat0_.email as email3_0_, contactdat0_.email2 as email4_0_, contactdat0_.email3 as email5_0_, contactdat0_.home as home6_0_, contactdat0_.lastname as lastname7_0_, contactdat0_.mobile as mobile8_0_, contactdat0_.firstname as firstnam9_0_, contactdat0_.work as work10_0_ from addressbook contactdat0_
13:12:44.875 [Test worker] INFO  r.s.pft.addressbook.tests.TestBase - Stop testtestContactsCreation
]]></system-out>
  <system-err><![CDATA[Security framework of XStream not initialized, XStream is probably vulnerable.
]]></system-err>
</testsuite>
