<?xml version="1.0" encoding="UTF-8"?>
<testsuite name="ru.stqa.pft.githab.GithabTests" tests="1" skipped="0" failures="0" errors="0" timestamp="2020-03-07T13:09:55" hostname="DESKTOP-TKCAAQ5" time="67.994">
  <properties/>
  <testcase name="testCommits" classname="ru.stqa.pft.githab.GithabTests" time="67.994"/>
  <system-out><![CDATA[Задание 20. Интеграция тестов с баг-трекером Bugify
Rest
Rest. Падает тест.
Задание 19.
SOAP взаимодействие с Mantis
Soap
SOAP, не генерируется код
Задание №18. Смена пароля пользователя.
Задание18. Не приходит письмо
Отправка писем на удаленный почтовый сервер james
Получение почты на встроенный в тесты почтовый сервер
Registrationtest не проходит.
Передача файлов по протоколу FTP
Добавлена линивая инициализация
Добавлен тест LoginTests для mantis (ошибка в Assert)
Добавлен новый модуль для тестов для Mantis
Добавлено добавление контакта в группу, удаление контакта из группы
Добавлен тест на добавление контакта в группу (пока без предусловий)
Исправлены замечания и доработана работоспособность
Восстановление работоспособности
Добавление котакта в группу (падает ContactCreation test)
Добавлено отключение/подключение проверок UI для групп и контактов
Добавлено отключение/подключение проверок UI для групп
Реализованы проверки списков, загружаемых из базы данных для тестов групп и контактов
Реализованы проверки списков, загружаемых из базы данных для тестов групп и контактов
Добавлен ОRM для контактов
Добавлен ОRМ для групп
Добавлено логирование с сохранением в файл
Описание тестового стенда вынесено в конфигурационный файл
Добавлены конфигурационные файлы для описания тестовых наборов контактов и групп
Добавлено закрытие файлов после использование для групп и контактов
Параметризация тестов+генераторы тест.данных для групп и контактов, которые сохраняют данные в XML-файл
Вывод сообщения в консоль для генерации тестовых данных для групп
Добавлены генераторы тестовых данных для групп и контактов, сохраняющие данные в json файлы
Добавлена генерация тестовых данных для контактов с сохранением в файл csv
Добавлен генератор тестовых данных для групп, который сохраняет в файл csv
Добавлен файл фото в создание контакта
Метод обратных проверок для адреса, емейлов и телефонов
Добавлены проверки для емаилов, адреса и телефонов при помощи нарезки строк
Добавлены тесты на телефоны, адрес и емеил
Кеширование и хеширование для групп
Hamcrest в группах и контактах
Hamscret для контактов (падает ContactCreationTest)
Добавлен интерфейс Hamcrest для групп
Внедрение уникальных идентификаторов в тесты для контактов
Внедрение уникальных идентификаторов в тесты для групп
Fluent-интерфейс для контактов
Fluent-интерфейс для групп
Изменены назывния методов в группах и контактах
Улучшена читаемость кода тестов (группы, контакты)
Доработан алгоритм получения списка контактов
Реализованы проверки путем сравнения списков групп и контактов и добавлена сортировка
Добавлено лямбда-выражение в контакты (+доработка сделана)
Добавлены множества с контакты (нужна доработка)
Добавлено сранвение коллекций для контактов
Сформированы коллекции для контактов
Добавлено определение последнего элемента в списке для контактов
Добавлено количество элементов в коллекции для контактов
Добавлена сортировка списков групп
Добавлена лямбда функция в тест CreationGroup
Добавлены множества в тесты для Group
Добавлено сравнение списков в GroupDeletion
Добавлена проверка в group-тесты, основанная на подсчете количества групп до и после.
Реализована проверка в группах и контактах на наличие хотя бы одного элемента и  в последующим его созданием в случае отсутствия (рефакт)
Добавлены проверки для групп и контактов на проверку наличия хотя бы одного элемента с его созданием, в случае отсутствия
Проверка на отсутствующий элемент (new)
Обеспечена проверка и обспечение предусловия
Добавлены "ленивые действия"
Добавлена проверка на наличие выпадающего списка
Падение теста отправлен на проверку
Добавлено условие оставлять значения формы по умолчанию
Добавлена возможность запуска в разных браузерах
Добавлен расчет дискриминанта
Добавлен тест на модификацию контакта
Добавлен тест на удаление контакта
Добавлен тест модификации групп
Добавлен общий базовый класс для групп и контактов
Выделены классы-помощники
Добавлено делегирование для групп и контактов
Выделен общий класс для контактов и групп
Добавлен базовый класс TestBase
Внесены правки в рефакторинге
Отрефакторен тест для СозданиеКонтакта
Выделена фикстура в тесте СозданиеКонтакта
Добавлен тест на создание контакта
Выделены вспомогательные методы и класс
Добавлена фикстура
Добавлен тест, записанный рекордером
Добавлен модуль addressbook
Добавлены тесты для класса Point
Изменена программа
Изменена программа для расчета расстояния между точками
Добавлен расчет расстояния между точками
Добавлено несколько функций
Проект отвязан от репозитория Git
Изменены настройки форматирования
Создан пакет для моей первой программы
Создан проект для IDEA
Добавлен запускатель для Gradle
Создан проект "песочница"
Initial commit
]]></system-out>
  <system-err><![CDATA[SLF4J: Failed to load class "org.slf4j.impl.StaticLoggerBinder".
SLF4J: Defaulting to no-operation (NOP) logger implementation
SLF4J: See http://www.slf4j.org/codes.html#StaticLoggerBinder for further details.
]]></system-err>
</testsuite>
