<?xml version="1.0" encoding="UTF-8"?>
<testsuite name="ru.stqa.pft.rest.tests.RestTest" tests="1" skipped="0" failures="0" errors="0" timestamp="2020-03-03T13:50:00" hostname="DESKTOP-TKCAAQ5" time="4.276">
  <properties/>
  <testcase name="testCreateIssue" classname="ru.stqa.pft.rest.tests.RestTest" time="4.276"/>
  <system-out><![CDATA[]]></system-out>
  <system-err><![CDATA[]]></system-err>
</testsuite>
