<?xml version="1.0" encoding="UTF-8"?>
<testsuite name="ru.stqa.pft.addressbook.tests.ContactsDeletionTests" tests="1" skipped="0" failures="0" errors="0" timestamp="2020-01-25T14:24:08" hostname="DESKTOP-TKCAAQ5" time="0.487">
  <properties/>
  <testcase name="testContactsDeletion" classname="ru.stqa.pft.addressbook.tests.ContactsDeletionTests" time="0.487"/>
  <system-out><![CDATA[]]></system-out>
  <system-err><![CDATA[Starting ChromeDriver 79.0.3945.36 (3582db32b33893869b8c1339e8f4d9ed1816f143-refs/branch-heads/3945@{#614}) on port 18079
Only local connections are allowed.
Please protect ports used by ChromeDriver and related test frameworks to prevent access by malicious code.
[1579962244.540][WARNING]: Timed out connecting to Chrome, retrying...
янв 25, 2020 5:24:06 PM org.openqa.selenium.remote.ProtocolHandshake createSession
INFO: Detected dialect: W3C
]]></system-err>
</testsuite>
