<?xml version="1.0" encoding="UTF-8"?>
<testsuite name="ru.stqa.pft.addressbook.tests.ContactEmailTests" tests="1" skipped="0" failures="0" errors="0" timestamp="2020-02-18T10:48:43" hostname="DESKTOP-TKCAAQ5" time="2.244">
  <properties/>
  <testcase name="testContactEmail" classname="ru.stqa.pft.addressbook.tests.ContactEmailTests" time="2.244"/>
  <system-out><![CDATA[13:48:42.664 [Test worker] INFO  r.s.pft.addressbook.tests.TestBase - Start testtestContactEmail with parametrs []
13:48:45.738 [Test worker] INFO  r.s.pft.addressbook.tests.TestBase - Stop testtestContactEmail
]]></system-out>
  <system-err><![CDATA[]]></system-err>
</testsuite>
