<?xml version="1.0" encoding="UTF-8"?>
<testsuite name="ru.stqa.pft.addressbook.tests.ContactEmailTests" tests="1" skipped="0" failures="0" errors="0" timestamp="2020-02-18T11:34:44" hostname="DESKTOP-TKCAAQ5" time="4.649">
  <properties/>
  <testcase name="testContactEmail" classname="ru.stqa.pft.addressbook.tests.ContactEmailTests" time="4.649"/>
  <system-out><![CDATA[14:34:42.721 [Test worker] INFO  r.s.pft.addressbook.tests.TestBase - Start testtestContactEmail with parametrs []
14:34:48.733 [Test worker] INFO  r.s.pft.addressbook.tests.TestBase - Stop testtestContactEmail
]]></system-out>
  <system-err><![CDATA[]]></system-err>
</testsuite>
