<?xml version="1.0" encoding="UTF-8"?>
<testsuite name="ru.stqa.pft.addressbook.tests.GroupCreationTests" tests="2" skipped="0" failures="0" errors="0" timestamp="2020-02-18T11:35:13" hostname="DESKTOP-TKCAAQ5" time="5.117">
  <properties/>
  <testcase name="testBadGroupCreation" classname="ru.stqa.pft.addressbook.tests.GroupCreationTests" time="3.263"/>
  <testcase name="testGroupCreation[0](GroupData{id='0', name='test 0'})" classname="ru.stqa.pft.addressbook.tests.GroupCreationTests" time="1.841"/>
  <system-out><![CDATA[14:35:13.851 [Test worker] INFO  r.s.pft.addressbook.tests.TestBase - Start testtestBadGroupCreation with parametrs []
14:35:17.115 [Test worker] INFO  r.s.pft.addressbook.tests.TestBase - Stop testtestBadGroupCreation
14:35:17.127 [Test worker] INFO  r.s.pft.addressbook.tests.TestBase - Start testtestGroupCreation with parametrs [GroupData{id='0', name='test 0'}]
14:35:17.427 [Test worker] INFO  o.h.h.i.QueryTranslatorFactoryInitiator - HHH000397: Using ASTQueryTranslatorFactory
Hibernate: select groupdata0_.group_id as group_id1_1_, groupdata0_.group_footer as group_fo2_1_, groupdata0_.group_header as group_he3_1_, groupdata0_.group_name as group_na4_1_ from group_list groupdata0_
Hibernate: select groupdata0_.group_id as group_id1_1_, groupdata0_.group_footer as group_fo2_1_, groupdata0_.group_header as group_he3_1_, groupdata0_.group_name as group_na4_1_ from group_list groupdata0_
14:35:18.968 [Test worker] INFO  r.s.pft.addressbook.tests.TestBase - Stop testtestGroupCreation
]]></system-out>
  <system-err><![CDATA[Security framework of XStream not initialized, XStream is probably vulnerable.
]]></system-err>
</testsuite>
