<?xml version="1.0" encoding="UTF-8"?>
<testsuite name="ru.stqa.pft.addressbook.tests.ContactsModificationTests" tests="1" skipped="0" failures="0" errors="0" timestamp="2020-01-07T15:35:38" hostname="DESKTOP-TKCAAQ5" time="10.864">
  <properties/>
  <testcase name="testContactsModification" classname="ru.stqa.pft.addressbook.tests.ContactsModificationTests" time="10.864"/>
  <system-out><![CDATA[]]></system-out>
  <system-err><![CDATA[Starting ChromeDriver 79.0.3945.36 (3582db32b33893869b8c1339e8f4d9ed1816f143-refs/branch-heads/3945@{#614}) on port 21069
Only local connections are allowed.
Please protect ports used by ChromeDriver and related test frameworks to prevent access by malicious code.
[1578411335.239][WARNING]: Timed out connecting to Chrome, retrying...
янв 07, 2020 6:35:37 PM org.openqa.selenium.remote.ProtocolHandshake createSession
INFO: Detected dialect: W3C
]]></system-err>
</testsuite>
