<?xml version="1.0" encoding="UTF-8"?>
<testsuite name="ru.stqa.pft.addressbook.tests.ContactsDeletionTests" tests="1" skipped="0" failures="0" errors="0" timestamp="2020-02-18T10:48:52" hostname="DESKTOP-TKCAAQ5" time="3.477">
  <properties/>
  <testcase name="testContactsDeletion" classname="ru.stqa.pft.addressbook.tests.ContactsDeletionTests" time="3.477"/>
  <system-out><![CDATA[13:48:52.024 [Test worker] INFO  r.s.pft.addressbook.tests.TestBase - Start testtestContactsDeletion with parametrs []
Hibernate: select contactdat0_.id as id1_0_, contactdat0_.address as address2_0_, contactdat0_.email as email3_0_, contactdat0_.email2 as email4_0_, contactdat0_.email3 as email5_0_, contactdat0_.home as home6_0_, contactdat0_.lastname as lastname7_0_, contactdat0_.mobile as mobile8_0_, contactdat0_.firstname as firstnam9_0_, contactdat0_.work as work10_0_ from addressbook contactdat0_
Hibernate: select contactdat0_.id as id1_0_, contactdat0_.address as address2_0_, contactdat0_.email as email3_0_, contactdat0_.email2 as email4_0_, contactdat0_.email3 as email5_0_, contactdat0_.home as home6_0_, contactdat0_.lastname as lastname7_0_, contactdat0_.mobile as mobile8_0_, contactdat0_.firstname as firstnam9_0_, contactdat0_.work as work10_0_ from addressbook contactdat0_
13:48:56.410 [Test worker] INFO  r.s.pft.addressbook.tests.TestBase - Stop testtestContactsDeletion
]]></system-out>
  <system-err><![CDATA[]]></system-err>
</testsuite>
