<?xml version="1.0" encoding="UTF-8"?>
<testsuite name="ru.stqa.pft.addressbook.tests.ContactsModificationTests" tests="1" skipped="0" failures="0" errors="0" timestamp="2020-01-07T08:30:20" hostname="DESKTOP-TKCAAQ5" time="2.432">
  <properties/>
  <testcase name="testContactsModification" classname="ru.stqa.pft.addressbook.tests.ContactsModificationTests" time="2.432"/>
  <system-out><![CDATA[]]></system-out>
  <system-err><![CDATA[Starting ChromeDriver 79.0.3945.36 (3582db32b33893869b8c1339e8f4d9ed1816f143-refs/branch-heads/3945@{#614}) on port 20955
Only local connections are allowed.
Please protect ports used by ChromeDriver and related test frameworks to prevent access by malicious code.
[1578385816.706][WARNING]: Timed out connecting to Chrome, retrying...
янв 07, 2020 11:30:18 AM org.openqa.selenium.remote.ProtocolHandshake createSession
INFO: Detected dialect: W3C
]]></system-err>
</testsuite>
