<?xml version="1.0" encoding="UTF-8"?>
<testsuite name="ru.stqa.pft.addressbook.tests.ContactPhoneTests" tests="1" skipped="0" failures="0" errors="0" timestamp="2020-02-09T17:51:38" hostname="DESKTOP-TKCAAQ5" time="6.501">
  <properties/>
  <testcase name="testContactPhones" classname="ru.stqa.pft.addressbook.tests.ContactPhoneTests" time="6.501"/>
  <system-out><![CDATA[]]></system-out>
  <system-err><![CDATA[]]></system-err>
</testsuite>
