<?xml version="1.0" encoding="UTF-8"?>
<testsuite name="ru.stqa.pft.addressbook.tests.ContactsCreationTests" tests="1" skipped="0" failures="0" errors="0" timestamp="2020-02-14T18:14:50" hostname="DESKTOP-TKCAAQ5" time="16.847">
  <properties/>
  <testcase name="testContactsCreation[0](ContactData{name='Name0', lastname='LastName0'})" classname="ru.stqa.pft.addressbook.tests.ContactsCreationTests" time="16.847"/>
  <system-out><![CDATA[21:14:50.451 [Test worker] INFO  r.s.pft.addressbook.tests.TestBase - Start testtestContactsCreation with parametrs [ContactData{name='Name0', lastname='LastName0'}]
21:15:07.306 [Test worker] INFO  r.s.pft.addressbook.tests.TestBase - Stop testtestContactsCreation
]]></system-out>
  <system-err><![CDATA[Security framework of XStream not initialized, XStream is probably vulnerable.
]]></system-err>
</testsuite>
