<?xml version="1.0" encoding="UTF-8"?>
<testsuite name="ru.stqa.pft.addressbook.tests.dbConnectionTest" tests="1" skipped="0" failures="0" errors="0" timestamp="2020-02-18T10:49:05" hostname="DESKTOP-TKCAAQ5" time="0.011">
  <properties/>
  <testcase name="testdbConnection" classname="ru.stqa.pft.addressbook.tests.dbConnectionTest" time="0.011"/>
  <system-out><![CDATA[[GroupData{id='162', name='test1'}, GroupData{id='163', name='test 0'}, GroupData{id='166', name='test 0'}, GroupData{id='167', name='test 0'}, GroupData{id='168', name='test 0'}]
[ContactData{id=189, name='Name0', lastname='LastName0', address='', homephone='null', mobilephone='null', workphone='null', email1='null', email2='null', email3='null', allPhones='null', allEmails='null'}, ContactData{id=182, name='Name0', lastname='LastName0', address='Address0', homephone='null', mobilephone='null', workphone='null', email1='null', email2='null', email3='null', allPhones='null', allEmails='null'}, ContactData{id=185, name='1', lastname='2', address='3', homephone='null', mobilephone='null', workphone='null', email1='null', email2='null', email3='null', allPhones='null', allEmails='null'}, ContactData{id=190, name='1', lastname='2', address='3', homephone='null', mobilephone='null', workphone='null', email1='null', email2='null', email3='null', allPhones='null', allEmails='null'}, ContactData{id=183, name='Name0', lastname='LastName0', address='Address0', homephone='null', mobilephone='null', workphone='null', email1='null', email2='null', email3='null', allPhones='null', allEmails='null'}, ContactData{id=187, name='1', lastname='2', address='3', homephone='null', mobilephone='null', workphone='null', email1='null', email2='null', email3='null', allPhones='null', allEmails='null'}, ContactData{id=188, name='Name0', lastname='LastName0', address='Address0', homephone='null', mobilephone='null', workphone='null', email1='null', email2='null', email3='null', allPhones='null', allEmails='null'}]
]]></system-out>
  <system-err><![CDATA[]]></system-err>
</testsuite>
