<?xml version="1.0" encoding="UTF-8"?>
<testsuite name="ru.stqa.pft.addressbook.tests.HbConnectionTests" tests="1" skipped="0" failures="0" errors="0" timestamp="2020-02-16T17:52:29" hostname="DESKTOP-TKCAAQ5" time="0.152">
  <properties/>
  <testcase name="testHbConnection" classname="ru.stqa.pft.addressbook.tests.HbConnectionTests" time="0.152"/>
  <system-out><![CDATA[20:52:29.107 [Test worker] INFO  org.hibernate.Version - HHH000412: Hibernate Core {5.1.0.Final}
20:52:29.118 [Test worker] INFO  org.hibernate.cfg.Environment - HHH000206: hibernate.properties not found
20:52:29.120 [Test worker] INFO  org.hibernate.cfg.Environment - HHH000021: Bytecode provider name : javassist
20:52:29.255 [Test worker] INFO  o.h.annotations.common.Version - HCANN000001: Hibernate Commons Annotations {5.0.1.Final}
20:52:29.317 [Test worker] WARN  org.hibernate.orm.connections - HHH10001002: Using Hibernate built-in connection pool (not for production use!)
20:52:29.322 [Test worker] INFO  org.hibernate.orm.connections - HHH10001005: using driver [com.mysql.jdbc.Driver] at URL [jdbc:mysql://localhost:3306/addressbook?serverTimezone=UTC]
20:52:29.322 [Test worker] INFO  org.hibernate.orm.connections - HHH10001001: Connection properties: {user=root, password=}
20:52:29.323 [Test worker] INFO  org.hibernate.orm.connections - HHH10001003: Autocommit mode: false
20:52:29.325 [Test worker] INFO  o.h.e.j.c.i.DriverManagerConnectionProviderImpl - HHH000115: Hibernate connection pool size: 1 (min=1)
20:52:29.465 [Test worker] INFO  org.hibernate.dialect.Dialect - HHH000400: Using dialect: org.hibernate.dialect.MySQL5Dialect
20:52:29.959 [Test worker] INFO  o.h.h.i.QueryTranslatorFactoryInitiator - HHH000397: Using ASTQueryTranslatorFactory
Hibernate: select groupdata0_.group_id as group_id1_1_, groupdata0_.group_footer as group_fo2_1_, groupdata0_.group_header as group_he3_1_, groupdata0_.group_name as group_na4_1_ from group_list groupdata0_
GroupData{id='123', name='test 1'}
GroupData{id='124', name='test 2'}
GroupData{id='125', name='test 3'}
GroupData{id='129', name='test 0'}
GroupData{id='159', name='test 0'}
Hibernate: select contactdat0_.id as id1_0_, contactdat0_.address as address2_0_, contactdat0_.home as home3_0_, contactdat0_.lastname as lastname4_0_, contactdat0_.mobile as mobile5_0_, contactdat0_.firstname as firstnam6_0_, contactdat0_.photo as photo7_0_, contactdat0_.work as work8_0_ from addressbook contactdat0_
ContactData{name='1', lastname='2'}
ContactData{name='Саша', lastname='Иванов'}
ContactData{name='Саша', lastname='Иванов'}
ContactData{name='1', lastname='2'}
ContactData{name='Name0', lastname='LastName0'}
ContactData{name='Name0', lastname='LastName0'}
ContactData{name='Name0', lastname='LastName0'}
ContactData{name='Name0', lastname='LastName0'}
ContactData{name='Name0', lastname='LastName0'}
ContactData{name='Name0', lastname='LastName0'}
ContactData{name='Name0', lastname='LastName0'}
ContactData{name='1', lastname='2'}
ContactData{name='Name0', lastname='LastName0'}
]]></system-out>
  <system-err><![CDATA[Loading class `com.mysql.jdbc.Driver'. This is deprecated. The new driver class is `com.mysql.cj.jdbc.Driver'. The driver is automatically registered via the SPI and manual loading of the driver class is generally unnecessary.
]]></system-err>
</testsuite>
