<?xml version="1.0" encoding="UTF-8"?>
<testsuite name="ru.stqa.pft.addressbook.tests.ContactPhoneTests" tests="1" skipped="0" failures="0" errors="0" timestamp="2020-02-04T19:25:41" hostname="DESKTOP-TKCAAQ5" time="3.769">
  <properties/>
  <testcase name="testContactPhones" classname="ru.stqa.pft.addressbook.tests.ContactPhoneTests" time="3.769"/>
  <system-out><![CDATA[]]></system-out>
  <system-err><![CDATA[]]></system-err>
</testsuite>
