<?xml version="1.0" encoding="UTF-8"?>
<testsuite name="ru.stqa.pft.addressbook.tests.HbConnectionTests" tests="1" skipped="0" failures="0" errors="0" timestamp="2020-02-18T10:49:05" hostname="DESKTOP-TKCAAQ5" time="0.017">
  <properties/>
  <testcase name="testHbConnection" classname="ru.stqa.pft.addressbook.tests.HbConnectionTests" time="0.017"/>
  <system-out><![CDATA[13:49:05.123 [Test worker] WARN  org.hibernate.orm.connections - HHH10001002: Using Hibernate built-in connection pool (not for production use!)
13:49:05.123 [Test worker] INFO  org.hibernate.orm.connections - HHH10001005: using driver [com.mysql.jdbc.Driver] at URL [jdbc:mysql://localhost:3306/addressbook?serverTimezone=UTC]
13:49:05.124 [Test worker] INFO  org.hibernate.orm.connections - HHH10001001: Connection properties: {user=root, password=}
13:49:05.124 [Test worker] INFO  org.hibernate.orm.connections - HHH10001003: Autocommit mode: false
13:49:05.124 [Test worker] INFO  o.h.e.j.c.i.DriverManagerConnectionProviderImpl - HHH000115: Hibernate connection pool size: 1 (min=1)
13:49:05.130 [Test worker] INFO  org.hibernate.dialect.Dialect - HHH000400: Using dialect: org.hibernate.dialect.MySQL5Dialect
13:49:05.232 [Test worker] INFO  o.h.h.i.QueryTranslatorFactoryInitiator - HHH000397: Using ASTQueryTranslatorFactory
Hibernate: select groupdata0_.group_id as group_id1_1_, groupdata0_.group_footer as group_fo2_1_, groupdata0_.group_header as group_he3_1_, groupdata0_.group_name as group_na4_1_ from group_list groupdata0_
GroupData{id='162', name='test1'}
GroupData{id='163', name='test 0'}
GroupData{id='166', name='test 0'}
GroupData{id='167', name='test 0'}
GroupData{id='168', name='test 0'}
Hibernate: select contactdat0_.id as id1_0_, contactdat0_.address as address2_0_, contactdat0_.email as email3_0_, contactdat0_.email2 as email4_0_, contactdat0_.email3 as email5_0_, contactdat0_.home as home6_0_, contactdat0_.lastname as lastname7_0_, contactdat0_.mobile as mobile8_0_, contactdat0_.firstname as firstnam9_0_, contactdat0_.work as work10_0_ from addressbook contactdat0_ where deprecated='0000-00-00'
ContactData{id=182, name='Name0', lastname='LastName0', address='Address0', homephone='11111-0', mobilephone='22222-0', workphone='33333-0', email1='email1_0@bk.ru', email2='email2_0@bk.ru', email3='email3_0@bk.ru', allPhones='null', allEmails='null'}
ContactData{id=183, name='Name0', lastname='LastName0', address='Address0', homephone='11111-0', mobilephone='22222-0', workphone='33333-0', email1='email1_0@bk.ru', email2='email2_0@bk.ru', email3='email3_0@bk.ru', allPhones='null', allEmails='null'}
ContactData{id=185, name='1', lastname='2', address='3', homephone='4', mobilephone='5', workphone='6', email1='7', email2='8', email3='9', allPhones='null', allEmails='null'}
ContactData{id=187, name='1', lastname='2', address='3', homephone='4', mobilephone='5', workphone='6', email1='7', email2='8', email3='9', allPhones='null', allEmails='null'}
ContactData{id=188, name='Name0', lastname='LastName0', address='Address0', homephone='11111-0', mobilephone='22222-0', workphone='33333-0', email1='email1_0@bk.ru', email2='email2_0@bk.ru', email3='email3_0@bk.ru', allPhones='null', allEmails='null'}
ContactData{id=189, name='Name0', lastname='LastName0', address='', homephone='11111-0', mobilephone='22222-0', workphone='33333-0', email1='email1_0@bk.ru', email2='email2_0@bk.ru', email3='email3_0@bk.ru', allPhones='null', allEmails='null'}
ContactData{id=190, name='1', lastname='2', address='3', homephone='4', mobilephone='5', workphone='6', email1='7', email2='8', email3='9', allPhones='null', allEmails='null'}
]]></system-out>
  <system-err><![CDATA[]]></system-err>
</testsuite>
