<?xml version="1.0" encoding="UTF-8"?>
<testsuite name="ru.stqa.pft.addressbook.tests.GroupModificationTests" tests="1" skipped="0" failures="0" errors="0" timestamp="2020-02-18T10:49:03" hostname="DESKTOP-TKCAAQ5" time="1.332">
  <properties/>
  <testcase name="testGroupModification" classname="ru.stqa.pft.addressbook.tests.GroupModificationTests" time="1.332"/>
  <system-out><![CDATA[13:49:03.753 [Test worker] INFO  r.s.pft.addressbook.tests.TestBase - Start testtestGroupModification with parametrs []
Hibernate: select groupdata0_.group_id as group_id1_1_, groupdata0_.group_footer as group_fo2_1_, groupdata0_.group_header as group_he3_1_, groupdata0_.group_name as group_na4_1_ from group_list groupdata0_
Hibernate: select groupdata0_.group_id as group_id1_1_, groupdata0_.group_footer as group_fo2_1_, groupdata0_.group_header as group_he3_1_, groupdata0_.group_name as group_na4_1_ from group_list groupdata0_
Hibernate: select groupdata0_.group_id as group_id1_1_, groupdata0_.group_footer as group_fo2_1_, groupdata0_.group_header as group_he3_1_, groupdata0_.group_name as group_na4_1_ from group_list groupdata0_
13:49:05.088 [Test worker] INFO  r.s.pft.addressbook.tests.TestBase - Stop testtestGroupModification
]]></system-out>
  <system-err><![CDATA[]]></system-err>
</testsuite>
