<?xml version="1.0" encoding="UTF-8"?>
<testsuite name="ru.stqa.pft.addressbook.tests.GroupCreationTests" tests="2" skipped="0" failures="0" errors="0" timestamp="2020-02-18T18:48:17" hostname="DESKTOP-TKCAAQ5" time="4.862">
  <properties/>
  <testcase name="testBadGroupCreation" classname="ru.stqa.pft.addressbook.tests.GroupCreationTests" time="2.651"/>
  <testcase name="testGroupCreation[0](GroupData{id='0', name='test 0'})" classname="ru.stqa.pft.addressbook.tests.GroupCreationTests" time="2.198"/>
  <system-out><![CDATA[21:48:17.984 [Test worker] INFO  r.s.pft.addressbook.tests.TestBase - Start testtestBadGroupCreation with parametrs []
21:48:20.636 [Test worker] INFO  r.s.pft.addressbook.tests.TestBase - Stop testtestBadGroupCreation
21:48:20.649 [Test worker] INFO  r.s.pft.addressbook.tests.TestBase - Start testtestGroupCreation with parametrs [GroupData{id='0', name='test 0'}]
Hibernate: select groupdata0_.group_id as group_id1_2_, groupdata0_.group_footer as group_fo2_2_, groupdata0_.group_header as group_he3_2_, groupdata0_.group_name as group_na4_2_ from group_list groupdata0_
Hibernate: select groupdata0_.group_id as group_id1_2_, groupdata0_.group_footer as group_fo2_2_, groupdata0_.group_header as group_he3_2_, groupdata0_.group_name as group_na4_2_ from group_list groupdata0_
21:48:22.848 [Test worker] INFO  r.s.pft.addressbook.tests.TestBase - Stop testtestGroupCreation
]]></system-out>
  <system-err><![CDATA[Security framework of XStream not initialized, XStream is probably vulnerable.
]]></system-err>
</testsuite>
